app/build/intermediates/manifest_merge_blame_file/debug/manifest-merger-blame-debug-report.txt
1<?xml version="1.0" encoding="utf-8"?>
2<manifest xmlns:android="http://schemas.android.com/apk/res/android"
3    package="algon.cst2335.ALi"
4    android:versionCode="1"
5    android:versionName="1.0" >
6
7    <uses-sdk
8        android:minSdkVersion="22"
9        android:targetSdkVersion="33" />
10
11    <uses-feature
11-->src\main\AndroidManifest.xml:4:5-90
12        android:name="android.hardware.touchscreen"
12-->src\main\AndroidManifest.xml:4:19-62
13        android:required="false" />
13-->src\main\AndroidManifest.xml:4:63-87
14    <uses-feature
14-->src\main\AndroidManifest.xml:5:5-85
15        android:name="android.software.leanback"
15-->src\main\AndroidManifest.xml:5:19-59
16        android:required="true" />
16-->src\main\AndroidManifest.xml:5:60-83
17
18    <permission
18-->[androidx.core:core:1.9.0] AndroidManifest.xml:22:5-24:47
19        android:name="algon.cst2335.ALi.DYNAMIC_RECEIVER_NOT_EXPORTED_PERMISSION"
19-->[androidx.core:core:1.9.0] AndroidManifest.xml:23:9-81
20        android:protectionLevel="signature" />
20-->[androidx.core:core:1.9.0] AndroidManifest.xml:24:9-44
21
22    <uses-permission android:name="algon.cst2335.ALi.DYNAMIC_RECEIVER_NOT_EXPORTED_PERMISSION" />
22-->[androidx.core:core:1.9.0] AndroidManifest.xml:26:5-97
22-->[androidx.core:core:1.9.0] AndroidManifest.xml:26:22-94
23
24    <application
24-->src\main\AndroidManifest.xml:9:5-28:19
25        android:allowBackup="true"
25-->src\main\AndroidManifest.xml:10:9-35
26        android:appComponentFactory="androidx.core.app.CoreComponentFactory"
26-->[androidx.core:core:1.9.0] AndroidManifest.xml:28:18-86
27        android:dataExtractionRules="@xml/data_extraction_rules"
27-->src\main\AndroidManifest.xml:11:9-65
28        android:debuggable="true"
29        android:extractNativeLibs="true"
30        android:fullBackupContent="@xml/backup_rules"
30-->src\main\AndroidManifest.xml:12:9-54
31        android:icon="@drawable/icon"
31-->src\main\AndroidManifest.xml:13:9-38
32        android:label="@string/app_name"
32-->src\main\AndroidManifest.xml:14:9-41
33        android:roundIcon="@drawable/icon"
33-->src\main\AndroidManifest.xml:15:9-43
34        android:supportsRtl="true"
34-->src\main\AndroidManifest.xml:16:9-35
35        android:testOnly="true"
36        android:theme="@style/Theme.AliAndroidLab" >
36-->src\main\AndroidManifest.xml:17:9-51
37        <activity
37-->src\main\AndroidManifest.xml:19:9-27:20
38            android:name="algon.cst2335.ALi.MainActivity"
38-->src\main\AndroidManifest.xml:20:13-41
39            android:exported="true" >
39-->src\main\AndroidManifest.xml:21:13-36
40            <intent-filter>
40-->src\main\AndroidManifest.xml:22:13-26:29
41                <action android:name="android.intent.action.MAIN" />
41-->src\main\AndroidManifest.xml:23:17-69
41-->src\main\AndroidManifest.xml:23:25-66
42
43                <category android:name="android.intent.category.LEANBACK_LAUNCHER" />
43-->src\main\AndroidManifest.xml:24:17-86
43-->src\main\AndroidManifest.xml:24:27-83
44                <category android:name="android.intent.category.LAUNCHER" />
44-->src\main\AndroidManifest.xml:25:17-77
44-->src\main\AndroidManifest.xml:25:27-74
45            </intent-filter>
46        </activity>
47
48        <provider
48-->[androidx.emoji2:emoji2:1.2.0] AndroidManifest.xml:24:9-32:20
49            android:name="androidx.startup.InitializationProvider"
49-->[androidx.emoji2:emoji2:1.2.0] AndroidManifest.xml:25:13-67
50            android:authorities="algon.cst2335.ALi.androidx-startup"
50-->[androidx.emoji2:emoji2:1.2.0] AndroidManifest.xml:26:13-68
51            android:exported="false" >
51-->[androidx.emoji2:emoji2:1.2.0] AndroidManifest.xml:27:13-37
52            <meta-data
52-->[androidx.emoji2:emoji2:1.2.0] AndroidManifest.xml:29:13-31:52
53                android:name="androidx.emoji2.text.EmojiCompatInitializer"
53-->[androidx.emoji2:emoji2:1.2.0] AndroidManifest.xml:30:17-75
54                android:value="androidx.startup" />
54-->[androidx.emoji2:emoji2:1.2.0] AndroidManifest.xml:31:17-49
55            <meta-data
55-->[androidx.lifecycle:lifecycle-process:2.4.1] AndroidManifest.xml:31:13-33:52
56                android:name="androidx.lifecycle.ProcessLifecycleInitializer"
56-->[androidx.lifecycle:lifecycle-process:2.4.1] AndroidManifest.xml:32:17-78
57                android:value="androidx.startup" />
57-->[androidx.lifecycle:lifecycle-process:2.4.1] AndroidManifest.xml:33:17-49
58        </provider>
59    </application>
60
61</manifest>